2025-11-25 11:06:41 - INFO - ================================================================================
2025-11-25 11:06:41 - INFO - 开始训练序列预测模型
2025-11-25 11:06:41 - INFO - ================================================================================
2025-11-25 11:06:41 - INFO - 使用设备: cpu
2025-11-25 11:06:41 - INFO - 随机种子: 42
2025-11-25 11:06:41 - INFO - 正在加载数据集...
2025-11-25 11:09:56 - INFO - 数据集统计信息:
2025-11-25 11:09:56 - INFO -   训练集: 3093 个样本 (正样本: 2622/3093, 比例: 0.8477)
2025-11-25 11:09:56 - INFO -   验证集: 656 个样本 (正样本: 558/656, 比例: 0.8506)
2025-11-25 11:09:56 - INFO -   测试集: 843 个样本 (正样本: 843/843, 比例: 1.0000)
2025-11-25 11:09:56 - INFO -   词汇表大小: 222
2025-11-25 11:09:56 - INFO - 正样本权重: 0.1796
2025-11-25 11:09:56 - INFO - 正在初始化模型...
2025-11-25 11:09:56 - INFO - 模型参数: 总计 517,954, 可训练 517,954
2025-11-25 11:09:58 - INFO - 训练配置:
2025-11-25 11:09:58 - INFO -   总轮数: 20
2025-11-25 11:09:58 - INFO -   批次大小: 32
2025-11-25 11:09:58 - INFO -   初始学习率: 0.0005
2025-11-25 11:09:58 - INFO -   权重衰减: 0.0001
2025-11-25 11:09:58 - INFO -   混合精度训练: False
2025-11-25 11:09:58 - INFO -   梯度裁剪: 1.0
2025-11-25 11:09:58 - INFO -   回归损失权重: 0.5
2025-11-25 11:09:58 - INFO -   Focal Loss (gamma): 2.0
2025-11-25 11:09:58 - INFO -   Focal Loss (alpha): 0.25
2025-11-25 11:09:58 - INFO - ================================================================================
2025-11-25 11:09:58 - INFO - 开始训练循环...
2025-11-25 11:09:58 - INFO - 
2025-11-25 11:10:06 - INFO - Epoch 1/20 完成
2025-11-25 11:10:06 - INFO -   训练阶段:
2025-11-25 11:10:06 - INFO -     损失: 0.005626 (分类: 0.000000, 回归: 0.000000)
2025-11-25 11:10:06 - INFO -     时间: 7.55秒
2025-11-25 11:10:06 - INFO -   验证阶段:
2025-11-25 11:10:06 - INFO -     损失: 0.000986 (分类: 0.000000, 回归: 0.000000)
2025-11-25 11:10:06 - INFO -     Recall@Top: 0.236559
2025-11-25 11:10:06 - INFO -     Precision@Top: 1.000000
2025-11-25 11:10:06 - INFO -     回归 MAE: 0.025995
2025-11-25 11:10:06 - INFO -     回归 RMSE: 0.066479
2025-11-25 11:10:06 - INFO -     时间: 0.56秒
2025-11-25 11:10:06 - INFO -   学习率: 5.00e-04
2025-11-25 11:10:06 - INFO -   当前最佳分数: 0.236559 [新最佳!]
2025-11-25 11:10:06 - INFO -   已用时间: 0:00:08
2025-11-25 11:10:06 - INFO -   预计剩余: 0:02:34
2025-11-25 11:10:06 - INFO - --------------------------------------------------------------------------------
2025-11-25 11:10:13 - INFO - Epoch 2/20 完成
2025-11-25 11:10:13 - INFO -   训练阶段:
2025-11-25 11:10:13 - INFO -     损失: 0.000289 (分类: 0.000000, 回归: 0.000000)
2025-11-25 11:10:13 - INFO -     时间: 6.65秒
2025-11-25 11:10:13 - INFO -   验证阶段:
2025-11-25 11:10:13 - INFO -     损失: 0.004521 (分类: 0.000000, 回归: 0.000000)
2025-11-25 11:10:13 - INFO -     Recall@Top: 0.236559
2025-11-25 11:10:13 - INFO -     Precision@Top: 1.000000
2025-11-25 11:10:13 - INFO -     回归 MAE: 0.055987
2025-11-25 11:10:13 - INFO -     回归 RMSE: 0.144160
2025-11-25 11:10:13 - INFO -     时间: 0.47秒
2025-11-25 11:10:13 - INFO -   学习率: 5.00e-04
2025-11-25 11:10:13 - INFO -   当前最佳分数: 0.236559
2025-11-25 11:10:13 - INFO -   已用时间: 0:00:15
2025-11-25 11:10:13 - INFO -   预计剩余: 0:02:17
2025-11-25 11:10:13 - INFO - --------------------------------------------------------------------------------
2025-11-25 11:10:20 - INFO - Epoch 3/20 完成
2025-11-25 11:10:20 - INFO -   训练阶段:
2025-11-25 11:10:20 - INFO -     损失: 0.000184 (分类: 0.000000, 回归: 0.000000)
2025-11-25 11:10:20 - INFO -     时间: 6.80秒
2025-11-25 11:10:20 - INFO -   验证阶段:
2025-11-25 11:10:20 - INFO -     损失: 0.000004 (分类: 0.000000, 回归: 0.000000)
2025-11-25 11:10:20 - INFO -     Recall@Top: 0.236559
2025-11-25 11:10:20 - INFO -     Precision@Top: 1.000000
2025-11-25 11:10:20 - INFO -     回归 MAE: 0.001556
2025-11-25 11:10:20 - INFO -     回归 RMSE: 0.004054
2025-11-25 11:10:20 - INFO -     时间: 0.48秒
2025-11-25 11:10:20 - INFO -   学习率: 5.00e-04
2025-11-25 11:10:20 - INFO -   当前最佳分数: 0.236559
2025-11-25 11:10:20 - INFO -   已用时间: 0:00:22
2025-11-25 11:10:20 - INFO -   预计剩余: 0:02:07
2025-11-25 11:10:20 - INFO - --------------------------------------------------------------------------------
2025-11-25 11:10:28 - INFO - Epoch 4/20 完成
2025-11-25 11:10:28 - INFO -   训练阶段:
2025-11-25 11:10:28 - INFO -     损失: 0.000177 (分类: 0.000000, 回归: 0.000000)
2025-11-25 11:10:28 - INFO -     时间: 6.85秒
2025-11-25 11:10:28 - INFO -   验证阶段:
2025-11-25 11:10:28 - INFO -     损失: 0.003506 (分类: 0.000000, 回归: 0.000000)
2025-11-25 11:10:28 - INFO -     Recall@Top: 0.236559
2025-11-25 11:10:28 - INFO -     Precision@Top: 1.000000
2025-11-25 11:10:28 - INFO -     回归 MAE: 0.049522
2025-11-25 11:10:28 - INFO -     回归 RMSE: 0.127539
2025-11-25 11:10:28 - INFO -     时间: 0.50秒
2025-11-25 11:10:28 - INFO -   学习率: 5.00e-04
2025-11-25 11:10:28 - INFO -   当前最佳分数: 0.236559
2025-11-25 11:10:28 - INFO -   已用时间: 0:00:29
2025-11-25 11:10:28 - INFO -   预计剩余: 0:01:59
2025-11-25 11:10:28 - INFO - --------------------------------------------------------------------------------
2025-11-25 11:10:35 - INFO - Epoch 5/20 完成
2025-11-25 11:10:35 - INFO -   训练阶段:
2025-11-25 11:10:35 - INFO -     损失: 0.000177 (分类: 0.000000, 回归: 0.000000)
2025-11-25 11:10:35 - INFO -     时间: 6.74秒
2025-11-25 11:10:35 - INFO -   验证阶段:
2025-11-25 11:10:35 - INFO -     损失: 0.000005 (分类: 0.000000, 回归: 0.000000)
2025-11-25 11:10:35 - INFO -     Recall@Top: 0.236559
2025-11-25 11:10:35 - INFO -     Precision@Top: 1.000000
2025-11-25 11:10:35 - INFO -     回归 MAE: 0.001595
2025-11-25 11:10:35 - INFO -     回归 RMSE: 0.004625
2025-11-25 11:10:35 - INFO -     时间: 0.50秒
2025-11-25 11:10:35 - INFO -   学习率: 5.00e-04 -> 2.50e-04 (已降低)
2025-11-25 11:10:35 - INFO -   当前最佳分数: 0.236559
2025-11-25 11:10:35 - INFO -   已用时间: 0:00:37
2025-11-25 11:10:35 - INFO -   预计剩余: 0:01:51
2025-11-25 11:10:35 - INFO - --------------------------------------------------------------------------------
2025-11-25 11:10:42 - INFO - Epoch 6/20 完成
2025-11-25 11:10:42 - INFO -   训练阶段:
2025-11-25 11:10:42 - INFO -     损失: 0.000101 (分类: 0.000000, 回归: 0.000000)
2025-11-25 11:10:42 - INFO -     时间: 6.86秒
2025-11-25 11:10:42 - INFO -   验证阶段:
2025-11-25 11:10:42 - INFO -     损失: 0.001695 (分类: 0.000000, 回归: 0.000000)
2025-11-25 11:10:42 - INFO -     Recall@Top: 0.236559
2025-11-25 11:10:42 - INFO -     Precision@Top: 1.000000
2025-11-25 11:10:42 - INFO -     回归 MAE: 0.034343
2025-11-25 11:10:42 - INFO -     回归 RMSE: 0.088424
2025-11-25 11:10:42 - INFO -     时间: 0.52秒
2025-11-25 11:10:42 - INFO -   学习率: 2.50e-04
2025-11-25 11:10:42 - INFO -   当前最佳分数: 0.236559
2025-11-25 11:10:42 - INFO -   已用时间: 0:00:44
2025-11-25 11:10:42 - INFO -   预计剩余: 0:01:43
2025-11-25 11:10:42 - INFO - --------------------------------------------------------------------------------
2025-11-25 11:10:50 - INFO - Epoch 7/20 完成
2025-11-25 11:10:50 - INFO -   训练阶段:
2025-11-25 11:10:50 - INFO -     损失: 0.000066 (分类: 0.000000, 回归: 0.000000)
2025-11-25 11:10:50 - INFO -     时间: 7.00秒
2025-11-25 11:10:50 - INFO -   验证阶段:
2025-11-25 11:10:50 - INFO -     损失: 0.000004 (分类: 0.000000, 回归: 0.000000)
2025-11-25 11:10:50 - INFO -     Recall@Top: 0.236559
2025-11-25 11:10:50 - INFO -     Precision@Top: 1.000000
2025-11-25 11:10:50 - INFO -     回归 MAE: 0.001348
2025-11-25 11:10:50 - INFO -     回归 RMSE: 0.004033
2025-11-25 11:10:50 - INFO -     时间: 0.51秒
2025-11-25 11:10:50 - INFO -   学习率: 2.50e-04
2025-11-25 11:10:50 - INFO -   当前最佳分数: 0.236559
2025-11-25 11:10:50 - INFO -   已用时间: 0:00:52
2025-11-25 11:10:50 - INFO -   预计剩余: 0:01:36
2025-11-25 11:10:50 - INFO - --------------------------------------------------------------------------------
2025-11-25 11:10:57 - INFO - Epoch 8/20 完成
2025-11-25 11:10:57 - INFO -   训练阶段:
2025-11-25 11:10:57 - INFO -     损失: 0.000098 (分类: 0.000000, 回归: 0.000000)
2025-11-25 11:10:57 - INFO -     时间: 6.98秒
2025-11-25 11:10:57 - INFO -   验证阶段:
2025-11-25 11:10:57 - INFO -     损失: 0.003095 (分类: 0.000000, 回归: 0.000000)
2025-11-25 11:10:57 - INFO -     Recall@Top: 0.236559
2025-11-25 11:10:57 - INFO -     Precision@Top: 1.000000
2025-11-25 11:10:57 - INFO -     回归 MAE: 0.046464
2025-11-25 11:10:57 - INFO -     回归 RMSE: 0.119838
2025-11-25 11:10:57 - INFO -     时间: 0.49秒
2025-11-25 11:10:57 - INFO -   学习率: 2.50e-04
2025-11-25 11:10:57 - INFO -   当前最佳分数: 0.236559
2025-11-25 11:10:57 - INFO -   已用时间: 0:00:59
2025-11-25 11:10:57 - INFO -   预计剩余: 0:01:29
2025-11-25 11:10:57 - INFO - --------------------------------------------------------------------------------
2025-11-25 11:11:04 - INFO - Epoch 9/20 完成
2025-11-25 11:11:04 - INFO -   训练阶段:
2025-11-25 11:11:04 - INFO -     损失: 0.000072 (分类: 0.000000, 回归: 0.000000)
2025-11-25 11:11:04 - INFO -     时间: 6.57秒
2025-11-25 11:11:04 - INFO -   验证阶段:
2025-11-25 11:11:04 - INFO -     损失: 0.000668 (分类: 0.000000, 回归: 0.000000)
2025-11-25 11:11:04 - INFO -     Recall@Top: 0.236559
2025-11-25 11:11:04 - INFO -     Precision@Top: 1.000000
2025-11-25 11:11:04 - INFO -     回归 MAE: 0.021783
2025-11-25 11:11:04 - INFO -     回归 RMSE: 0.056034
2025-11-25 11:11:04 - INFO -     时间: 0.50秒
2025-11-25 11:11:04 - INFO -   学习率: 2.50e-04 -> 1.25e-04 (已降低)
2025-11-25 11:11:04 - INFO -   当前最佳分数: 0.236559
2025-11-25 11:11:04 - INFO -   已用时间: 0:01:06
2025-11-25 11:11:04 - INFO -   预计剩余: 0:01:21
2025-11-25 11:11:04 - INFO - --------------------------------------------------------------------------------
2025-11-25 11:11:12 - INFO - Epoch 10/20 完成
2025-11-25 11:11:12 - INFO -   训练阶段:
2025-11-25 11:11:12 - INFO -     损失: 0.000052 (分类: 0.000000, 回归: 0.000000)
2025-11-25 11:11:12 - INFO -     时间: 6.74秒
2025-11-25 11:11:12 - INFO -   验证阶段:
2025-11-25 11:11:12 - INFO -     损失: 0.000159 (分类: 0.000000, 回归: 0.000000)
2025-11-25 11:11:12 - INFO -     Recall@Top: 0.236559
2025-11-25 11:11:12 - INFO -     Precision@Top: 1.000000
2025-11-25 11:11:12 - INFO -     回归 MAE: 0.010581
2025-11-25 11:11:12 - INFO -     回归 RMSE: 0.027092
2025-11-25 11:11:12 - INFO -     时间: 0.51秒
2025-11-25 11:11:12 - INFO -   学习率: 1.25e-04
2025-11-25 11:11:12 - INFO -   当前最佳分数: 0.236559
2025-11-25 11:11:12 - INFO -   已用时间: 0:01:13
2025-11-25 11:11:12 - INFO -   预计剩余: 0:01:13
2025-11-25 11:11:12 - INFO - --------------------------------------------------------------------------------
2025-11-25 11:11:19 - INFO - Epoch 11/20 完成
2025-11-25 11:11:19 - INFO -   训练阶段:
2025-11-25 11:11:19 - INFO -     损失: 0.000048 (分类: 0.000000, 回归: 0.000000)
2025-11-25 11:11:19 - INFO -     时间: 7.05秒
2025-11-25 11:11:19 - INFO -   验证阶段:
2025-11-25 11:11:19 - INFO -     损失: 0.001169 (分类: 0.000000, 回归: 0.000000)
2025-11-25 11:11:19 - INFO -     Recall@Top: 0.236559
2025-11-25 11:11:19 - INFO -     Precision@Top: 1.000000
2025-11-25 11:11:19 - INFO -     回归 MAE: 0.028657
2025-11-25 11:11:19 - INFO -     回归 RMSE: 0.073834
2025-11-25 11:11:19 - INFO -     时间: 0.49秒
2025-11-25 11:11:19 - INFO -   学习率: 1.25e-04
2025-11-25 11:11:19 - INFO -   当前最佳分数: 0.236559
2025-11-25 11:11:19 - INFO -   已用时间: 0:01:21
2025-11-25 11:11:19 - INFO -   预计剩余: 0:01:06
2025-11-25 11:11:19 - INFO - --------------------------------------------------------------------------------
2025-11-25 11:11:27 - INFO - Epoch 12/20 完成
2025-11-25 11:11:27 - INFO -   训练阶段:
2025-11-25 11:11:27 - INFO -     损失: 0.000047 (分类: 0.000000, 回归: 0.000000)
2025-11-25 11:11:27 - INFO -     时间: 6.89秒
2025-11-25 11:11:27 - INFO -   验证阶段:
2025-11-25 11:11:27 - INFO -     损失: 0.000174 (分类: 0.000000, 回归: 0.000000)
2025-11-25 11:11:27 - INFO -     Recall@Top: 0.236559
2025-11-25 11:11:27 - INFO -     Precision@Top: 1.000000
2025-11-25 11:11:27 - INFO -     回归 MAE: 0.011033
2025-11-25 11:11:27 - INFO -     回归 RMSE: 0.028298
2025-11-25 11:11:27 - INFO -     时间: 0.49秒
2025-11-25 11:11:27 - INFO -   学习率: 1.25e-04
2025-11-25 11:11:27 - INFO -   当前最佳分数: 0.236559
2025-11-25 11:11:27 - INFO -   已用时间: 0:01:28
2025-11-25 11:11:27 - INFO -   预计剩余: 0:00:59
2025-11-25 11:11:27 - INFO - --------------------------------------------------------------------------------
2025-11-25 11:11:34 - INFO - Epoch 13/20 完成
2025-11-25 11:11:34 - INFO -   训练阶段:
2025-11-25 11:11:34 - INFO -     损失: 0.000042 (分类: 0.000000, 回归: 0.000000)
2025-11-25 11:11:34 - INFO -     时间: 7.13秒
2025-11-25 11:11:34 - INFO -   验证阶段:
2025-11-25 11:11:34 - INFO -     损失: 0.000804 (分类: 0.000000, 回归: 0.000000)
2025-11-25 11:11:34 - INFO -     Recall@Top: 0.236559
2025-11-25 11:11:34 - INFO -     Precision@Top: 1.000000
2025-11-25 11:11:34 - INFO -     回归 MAE: 0.023741
2025-11-25 11:11:34 - INFO -     回归 RMSE: 0.061136
2025-11-25 11:11:34 - INFO -     时间: 0.47秒
2025-11-25 11:11:34 - INFO -   学习率: 1.25e-04 -> 6.25e-05 (已降低)
2025-11-25 11:11:34 - INFO -   当前最佳分数: 0.236559
2025-11-25 11:11:34 - INFO -   已用时间: 0:01:36
2025-11-25 11:11:34 - INFO -   预计剩余: 0:00:51
2025-11-25 11:11:34 - INFO - --------------------------------------------------------------------------------
2025-11-25 11:11:41 - INFO - Epoch 14/20 完成
2025-11-25 11:11:41 - INFO -   训练阶段:
2025-11-25 11:11:41 - INFO -     损失: 0.000045 (分类: 0.000000, 回归: 0.000000)
2025-11-25 11:11:41 - INFO -     时间: 6.70秒
2025-11-25 11:11:41 - INFO -   验证阶段:
2025-11-25 11:11:41 - INFO -     损失: 0.000704 (分类: 0.000000, 回归: 0.000000)
2025-11-25 11:11:41 - INFO -     Recall@Top: 0.236559
2025-11-25 11:11:41 - INFO -     Precision@Top: 1.000000
2025-11-25 11:11:41 - INFO -     回归 MAE: 0.022187
2025-11-25 11:11:41 - INFO -     回归 RMSE: 0.057132
2025-11-25 11:11:41 - INFO -     时间: 0.47秒
2025-11-25 11:11:41 - INFO -   学习率: 6.25e-05
2025-11-25 11:11:41 - INFO -   当前最佳分数: 0.236559
2025-11-25 11:11:41 - INFO -   已用时间: 0:01:43
2025-11-25 11:11:41 - INFO -   预计剩余: 0:00:44
2025-11-25 11:11:41 - INFO - --------------------------------------------------------------------------------
2025-11-25 11:11:49 - INFO - Epoch 15/20 完成
2025-11-25 11:11:49 - INFO -   训练阶段:
2025-11-25 11:11:49 - INFO -     损失: 0.000041 (分类: 0.000000, 回归: 0.000000)
2025-11-25 11:11:49 - INFO -     时间: 6.81秒
2025-11-25 11:11:49 - INFO -   验证阶段:
2025-11-25 11:11:49 - INFO -     损失: 0.000582 (分类: 0.000000, 回归: 0.000000)
2025-11-25 11:11:49 - INFO -     Recall@Top: 0.236559
2025-11-25 11:11:49 - INFO -     Precision@Top: 1.000000
2025-11-25 11:11:49 - INFO -     回归 MAE: 0.020210
2025-11-25 11:11:49 - INFO -     回归 RMSE: 0.052012
2025-11-25 11:11:49 - INFO -     时间: 0.51秒
2025-11-25 11:11:49 - INFO -   学习率: 6.25e-05
2025-11-25 11:11:49 - INFO -   当前最佳分数: 0.236559
2025-11-25 11:11:49 - INFO -   已用时间: 0:01:50
2025-11-25 11:11:49 - INFO -   预计剩余: 0:00:36
2025-11-25 11:11:49 - INFO - --------------------------------------------------------------------------------
2025-11-25 11:11:56 - INFO - Epoch 16/20 完成
2025-11-25 11:11:56 - INFO -   训练阶段:
2025-11-25 11:11:56 - INFO -     损失: 0.000041 (分类: 0.000000, 回归: 0.000000)
2025-11-25 11:11:56 - INFO -     时间: 6.77秒
2025-11-25 11:11:56 - INFO -   验证阶段:
2025-11-25 11:11:56 - INFO -     损失: 0.000563 (分类: 0.000000, 回归: 0.000000)
2025-11-25 11:11:56 - INFO -     Recall@Top: 0.236559
2025-11-25 11:11:56 - INFO -     Precision@Top: 1.000000
2025-11-25 11:11:56 - INFO -     回归 MAE: 0.019907
2025-11-25 11:11:56 - INFO -     回归 RMSE: 0.051223
2025-11-25 11:11:56 - INFO -     时间: 0.52秒
2025-11-25 11:11:56 - INFO -   学习率: 6.25e-05
2025-11-25 11:11:56 - INFO -   当前最佳分数: 0.236559
2025-11-25 11:11:56 - INFO -   已用时间: 0:01:58
2025-11-25 11:11:56 - INFO -   预计剩余: 0:00:29
2025-11-25 11:11:56 - INFO - --------------------------------------------------------------------------------
2025-11-25 11:12:03 - INFO - Epoch 17/20 完成
2025-11-25 11:12:03 - INFO -   训练阶段:
2025-11-25 11:12:03 - INFO -     损失: 0.000038 (分类: 0.000000, 回归: 0.000000)
2025-11-25 11:12:03 - INFO -     时间: 6.87秒
2025-11-25 11:12:03 - INFO -   验证阶段:
2025-11-25 11:12:03 - INFO -     损失: 0.000408 (分类: 0.000000, 回归: 0.000000)
2025-11-25 11:12:03 - INFO -     Recall@Top: 0.236559
2025-11-25 11:12:03 - INFO -     Precision@Top: 1.000000
2025-11-25 11:12:03 - INFO -     回归 MAE: 0.016928
2025-11-25 11:12:03 - INFO -     回归 RMSE: 0.043535
2025-11-25 11:12:03 - INFO -     时间: 0.52秒
2025-11-25 11:12:03 - INFO -   学习率: 6.25e-05 -> 3.13e-05 (已降低)
2025-11-25 11:12:03 - INFO -   当前最佳分数: 0.236559
2025-11-25 11:12:03 - INFO -   已用时间: 0:02:05
2025-11-25 11:12:03 - INFO -   预计剩余: 0:00:22
2025-11-25 11:12:03 - INFO - --------------------------------------------------------------------------------
2025-11-25 11:12:11 - INFO - Epoch 18/20 完成
2025-11-25 11:12:11 - INFO -   训练阶段:
2025-11-25 11:12:11 - INFO -     损失: 0.000036 (分类: 0.000000, 回归: 0.000000)
2025-11-25 11:12:11 - INFO -     时间: 7.03秒
2025-11-25 11:12:11 - INFO -   验证阶段:
2025-11-25 11:12:11 - INFO -     损失: 0.000583 (分类: 0.000000, 回归: 0.000000)
2025-11-25 11:12:11 - INFO -     Recall@Top: 0.236559
2025-11-25 11:12:11 - INFO -     Precision@Top: 1.000000
2025-11-25 11:12:11 - INFO -     回归 MAE: 0.020179
2025-11-25 11:12:11 - INFO -     回归 RMSE: 0.051950
2025-11-25 11:12:11 - INFO -     时间: 0.50秒
2025-11-25 11:12:11 - INFO -   学习率: 3.13e-05
2025-11-25 11:12:11 - INFO -   当前最佳分数: 0.236559
2025-11-25 11:12:11 - INFO -   已用时间: 0:02:13
2025-11-25 11:12:11 - INFO -   预计剩余: 0:00:14
2025-11-25 11:12:11 - INFO - --------------------------------------------------------------------------------
2025-11-25 11:12:18 - INFO - Epoch 19/20 完成
2025-11-25 11:12:18 - INFO -   训练阶段:
2025-11-25 11:12:18 - INFO -     损失: 0.000037 (分类: 0.000000, 回归: 0.000000)
2025-11-25 11:12:18 - INFO -     时间: 6.79秒
2025-11-25 11:12:18 - INFO -   验证阶段:
2025-11-25 11:12:18 - INFO -     损失: 0.000398 (分类: 0.000000, 回归: 0.000000)
2025-11-25 11:12:18 - INFO -     Recall@Top: 0.236559
2025-11-25 11:12:18 - INFO -     Precision@Top: 1.000000
2025-11-25 11:12:18 - INFO -     回归 MAE: 0.016718
2025-11-25 11:12:18 - INFO -     回归 RMSE: 0.042991
2025-11-25 11:12:18 - INFO -     时间: 0.49秒
2025-11-25 11:12:18 - INFO -   学习率: 3.13e-05
2025-11-25 11:12:18 - INFO -   当前最佳分数: 0.236559
2025-11-25 11:12:18 - INFO -   已用时间: 0:02:20
2025-11-25 11:12:18 - INFO -   预计剩余: 0:00:07
2025-11-25 11:12:18 - INFO - --------------------------------------------------------------------------------
2025-11-25 11:12:26 - INFO - Epoch 20/20 完成
2025-11-25 11:12:26 - INFO -   训练阶段:
2025-11-25 11:12:26 - INFO -     损失: 0.000032 (分类: 0.000000, 回归: 0.000000)
2025-11-25 11:12:26 - INFO -     时间: 7.25秒
2025-11-25 11:12:26 - INFO -   验证阶段:
2025-11-25 11:12:26 - INFO -     损失: 0.000284 (分类: 0.000000, 回归: 0.000000)
2025-11-25 11:12:26 - INFO -     Recall@Top: 0.236559
2025-11-25 11:12:26 - INFO -     Precision@Top: 1.000000
2025-11-25 11:12:26 - INFO -     回归 MAE: 0.014113
2025-11-25 11:12:26 - INFO -     回归 RMSE: 0.036260
2025-11-25 11:12:26 - INFO -     时间: 0.50秒
2025-11-25 11:12:26 - INFO -   学习率: 3.13e-05
2025-11-25 11:12:26 - INFO -   当前最佳分数: 0.236559
2025-11-25 11:12:26 - INFO -   已用时间: 0:02:28
2025-11-25 11:12:26 - INFO -   预计剩余: 0:00:00
2025-11-25 11:12:26 - INFO - --------------------------------------------------------------------------------
2025-11-25 11:12:26 - INFO - 
2025-11-25 11:12:26 - INFO - ================================================================================
2025-11-25 11:12:26 - INFO - 训练完成!
2025-11-25 11:12:26 - INFO - 总训练时间: 0:02:28
2025-11-25 11:12:26 - INFO - 平均每轮时间: 7.41秒
2025-11-25 11:12:26 - INFO - 
2025-11-25 11:12:26 - INFO - 正在加载最佳模型进行测试...
2025-11-25 11:12:26 - INFO - 已加载最佳模型 (验证分数: 0.236559)
2025-11-25 11:12:26 - INFO - 正在评估测试集...
2025-11-25 11:12:27 - INFO - 
2025-11-25 11:12:27 - INFO - 测试集评估结果:
2025-11-25 11:12:27 - INFO -   损失: 0.000000
2025-11-25 11:12:27 - INFO -   Recall@Top: 0.200474
2025-11-25 11:12:27 - INFO -   Precision@Top: 1.000000
2025-11-25 11:12:27 - INFO -   回归 MAE: 0.000074
2025-11-25 11:12:27 - INFO -   回归 RMSE: 0.000090
2025-11-25 11:12:27 - INFO -   PR-AUC: 1.000000
2025-11-25 11:12:27 - INFO -   ROC-AUC: 1.000000
2025-11-25 11:12:27 - INFO - 
2025-11-25 11:12:27 - INFO - 正在保存模型和指标...
2025-11-25 11:12:27 - INFO - 模型已保存到: C:\Users\Administrator\Desktop\大三上学期\DevOps\DL\openstack_textcnn\artifacts_forecast\forecast_model.pt
2025-11-25 11:12:27 - INFO - 指标已保存到: C:\Users\Administrator\Desktop\大三上学期\DevOps\DL\openstack_textcnn\artifacts_forecast\forecast_metrics.json
2025-11-25 11:12:27 - INFO - 
2025-11-25 11:12:27 - INFO - ================================================================================
2025-11-25 11:12:27 - INFO - 所有任务完成!
2025-11-25 11:12:27 - INFO - ================================================================================
2025-11-25 11:21:03 - INFO - ================================================================================
2025-11-25 11:21:03 - INFO - 开始训练序列预测模型
2025-11-25 11:21:03 - INFO - ================================================================================
2025-11-25 11:21:03 - INFO - 使用设备: cpu
2025-11-25 11:21:03 - INFO - 随机种子: 42
2025-11-25 11:21:03 - INFO - 正在加载数据集...
2025-11-25 11:24:03 - INFO - 数据集统计信息:
2025-11-25 11:24:03 - INFO -   训练集: 3093 个样本 (正样本: 2622/3093, 比例: 0.8477)
2025-11-25 11:24:03 - INFO -   验证集: 656 个样本 (正样本: 558/656, 比例: 0.8506)
2025-11-25 11:24:03 - INFO -   测试集: 843 个样本 (正样本: 843/843, 比例: 1.0000)
2025-11-25 11:24:03 - INFO -   词汇表大小: 222
2025-11-25 11:24:03 - INFO - 正样本权重: 0.1796
2025-11-25 11:24:03 - INFO - 正在初始化模型...
2025-11-25 11:24:03 - INFO - 模型参数: 总计 517,954, 可训练 517,954
2025-11-25 11:24:05 - INFO - 训练配置:
2025-11-25 11:24:05 - INFO -   总轮数: 20
2025-11-25 11:24:05 - INFO -   批次大小: 32
2025-11-25 11:24:05 - INFO -   初始学习率: 0.0005
2025-11-25 11:24:05 - INFO -   权重衰减: 0.0001
2025-11-25 11:24:05 - INFO -   混合精度训练: False
2025-11-25 11:24:05 - INFO -   梯度裁剪: 1.0
2025-11-25 11:24:05 - INFO -   回归损失权重: 0.5
2025-11-25 11:24:05 - INFO -   Focal Loss (gamma): 2.0
2025-11-25 11:24:05 - INFO -   Focal Loss (alpha): 0.25
2025-11-25 11:24:05 - INFO - ================================================================================
2025-11-25 11:24:05 - INFO - 开始训练循环...
2025-11-25 11:24:05 - INFO - 
2025-11-25 11:24:12 - INFO - Epoch 1/20 完成
2025-11-25 11:24:12 - INFO -   训练阶段:
2025-11-25 11:24:12 - INFO -     损失: 0.005626 (分类: 0.000000, 回归: 0.000000)
2025-11-25 11:24:12 - INFO -     时间: 7.05秒
2025-11-25 11:24:12 - INFO -   验证阶段:
2025-11-25 11:24:12 - INFO -     损失: 0.000986 (分类: 0.000000, 回归: 0.000000)
2025-11-25 11:24:12 - INFO -     Recall@Top: 0.236559
2025-11-25 11:24:12 - INFO -     Precision@Top: 1.000000
2025-11-25 11:24:12 - INFO -     回归 MAE: 0.025995
2025-11-25 11:24:12 - INFO -     回归 RMSE: 0.066479
2025-11-25 11:24:12 - INFO -     时间: 0.53秒
2025-11-25 11:24:12 - INFO -   学习率: 5.00e-04
2025-11-25 11:24:12 - INFO -   当前最佳分数: 0.236559 [新最佳!]
2025-11-25 11:24:12 - INFO -   已用时间: 0:00:07
2025-11-25 11:24:12 - INFO -   预计剩余: 0:02:24
2025-11-25 11:24:12 - INFO - --------------------------------------------------------------------------------
2025-11-25 11:24:20 - INFO - Epoch 2/20 完成
2025-11-25 11:24:20 - INFO -   训练阶段:
2025-11-25 11:24:20 - INFO -     损失: 0.000289 (分类: 0.000000, 回归: 0.000000)
2025-11-25 11:24:20 - INFO -     时间: 6.87秒
2025-11-25 11:24:20 - INFO -   验证阶段:
2025-11-25 11:24:20 - INFO -     损失: 0.004521 (分类: 0.000000, 回归: 0.000000)
2025-11-25 11:24:20 - INFO -     Recall@Top: 0.236559
2025-11-25 11:24:20 - INFO -     Precision@Top: 1.000000
2025-11-25 11:24:20 - INFO -     回归 MAE: 0.055987
2025-11-25 11:24:20 - INFO -     回归 RMSE: 0.144160
2025-11-25 11:24:20 - INFO -     时间: 0.58秒
2025-11-25 11:24:20 - INFO -   学习率: 5.00e-04
2025-11-25 11:24:20 - INFO -   当前最佳分数: 0.236559
2025-11-25 11:24:20 - INFO -   已用时间: 0:00:15
2025-11-25 11:24:20 - INFO -   预计剩余: 0:02:15
2025-11-25 11:24:20 - INFO - --------------------------------------------------------------------------------
2025-11-25 11:24:27 - INFO - Epoch 3/20 完成
2025-11-25 11:24:27 - INFO -   训练阶段:
2025-11-25 11:24:27 - INFO -     损失: 0.000184 (分类: 0.000000, 回归: 0.000000)
2025-11-25 11:24:27 - INFO -     时间: 6.81秒
2025-11-25 11:24:27 - INFO -   验证阶段:
2025-11-25 11:24:27 - INFO -     损失: 0.000004 (分类: 0.000000, 回归: 0.000000)
2025-11-25 11:24:27 - INFO -     Recall@Top: 0.236559
2025-11-25 11:24:27 - INFO -     Precision@Top: 1.000000
2025-11-25 11:24:27 - INFO -     回归 MAE: 0.001556
2025-11-25 11:24:27 - INFO -     回归 RMSE: 0.004054
2025-11-25 11:24:27 - INFO -     时间: 0.49秒
2025-11-25 11:24:27 - INFO -   学习率: 5.00e-04
2025-11-25 11:24:27 - INFO -   当前最佳分数: 0.236559
2025-11-25 11:24:27 - INFO -   已用时间: 0:00:22
2025-11-25 11:24:27 - INFO -   预计剩余: 0:02:06
2025-11-25 11:24:27 - INFO - --------------------------------------------------------------------------------
2025-11-25 11:24:34 - INFO - Epoch 4/20 完成
2025-11-25 11:24:34 - INFO -   训练阶段:
2025-11-25 11:24:34 - INFO -     损失: 0.000177 (分类: 0.000000, 回归: 0.000000)
2025-11-25 11:24:34 - INFO -     时间: 6.87秒
2025-11-25 11:24:34 - INFO -   验证阶段:
2025-11-25 11:24:34 - INFO -     损失: 0.003506 (分类: 0.000000, 回归: 0.000000)
2025-11-25 11:24:34 - INFO -     Recall@Top: 0.236559
2025-11-25 11:24:34 - INFO -     Precision@Top: 1.000000
2025-11-25 11:24:34 - INFO -     回归 MAE: 0.049522
2025-11-25 11:24:34 - INFO -     回归 RMSE: 0.127539
2025-11-25 11:24:34 - INFO -     时间: 0.50秒
2025-11-25 11:24:34 - INFO -   学习率: 5.00e-04
2025-11-25 11:24:34 - INFO -   当前最佳分数: 0.236559
2025-11-25 11:24:34 - INFO -   已用时间: 0:00:29
2025-11-25 11:24:34 - INFO -   预计剩余: 0:01:58
2025-11-25 11:24:34 - INFO - --------------------------------------------------------------------------------
2025-11-25 11:24:42 - INFO - Epoch 5/20 完成
2025-11-25 11:24:42 - INFO -   训练阶段:
2025-11-25 11:24:42 - INFO -     损失: 0.000177 (分类: 0.000000, 回归: 0.000000)
2025-11-25 11:24:42 - INFO -     时间: 6.79秒
2025-11-25 11:24:42 - INFO -   验证阶段:
2025-11-25 11:24:42 - INFO -     损失: 0.000005 (分类: 0.000000, 回归: 0.000000)
2025-11-25 11:24:42 - INFO -     Recall@Top: 0.236559
2025-11-25 11:24:42 - INFO -     Precision@Top: 1.000000
2025-11-25 11:24:42 - INFO -     回归 MAE: 0.001595
2025-11-25 11:24:42 - INFO -     回归 RMSE: 0.004625
2025-11-25 11:24:42 - INFO -     时间: 0.55秒
2025-11-25 11:24:42 - INFO -   学习率: 5.00e-04 -> 2.50e-04 (已降低)
2025-11-25 11:24:42 - INFO -   当前最佳分数: 0.236559
2025-11-25 11:24:42 - INFO -   已用时间: 0:00:37
2025-11-25 11:24:42 - INFO -   预计剩余: 0:01:51
2025-11-25 11:24:42 - INFO - --------------------------------------------------------------------------------
2025-11-25 11:24:49 - INFO - Epoch 6/20 完成
2025-11-25 11:24:49 - INFO -   训练阶段:
2025-11-25 11:24:49 - INFO -     损失: 0.000101 (分类: 0.000000, 回归: 0.000000)
2025-11-25 11:24:49 - INFO -     时间: 6.83秒
2025-11-25 11:24:49 - INFO -   验证阶段:
2025-11-25 11:24:49 - INFO -     损失: 0.001695 (分类: 0.000000, 回归: 0.000000)
2025-11-25 11:24:49 - INFO -     Recall@Top: 0.236559
2025-11-25 11:24:49 - INFO -     Precision@Top: 1.000000
2025-11-25 11:24:49 - INFO -     回归 MAE: 0.034343
2025-11-25 11:24:49 - INFO -     回归 RMSE: 0.088424
2025-11-25 11:24:49 - INFO -     时间: 0.51秒
2025-11-25 11:24:49 - INFO -   学习率: 2.50e-04
2025-11-25 11:24:49 - INFO -   当前最佳分数: 0.236559
2025-11-25 11:24:49 - INFO -   已用时间: 0:00:44
2025-11-25 11:24:49 - INFO -   预计剩余: 0:01:43
2025-11-25 11:24:49 - INFO - --------------------------------------------------------------------------------
2025-11-25 11:24:56 - INFO - Epoch 7/20 完成
2025-11-25 11:24:56 - INFO -   训练阶段:
2025-11-25 11:24:56 - INFO -     损失: 0.000066 (分类: 0.000000, 回归: 0.000000)
2025-11-25 11:24:56 - INFO -     时间: 6.83秒
2025-11-25 11:24:56 - INFO -   验证阶段:
2025-11-25 11:24:56 - INFO -     损失: 0.000004 (分类: 0.000000, 回归: 0.000000)
2025-11-25 11:24:56 - INFO -     Recall@Top: 0.236559
2025-11-25 11:24:56 - INFO -     Precision@Top: 1.000000
2025-11-25 11:24:56 - INFO -     回归 MAE: 0.001348
2025-11-25 11:24:56 - INFO -     回归 RMSE: 0.004033
2025-11-25 11:24:56 - INFO -     时间: 0.50秒
2025-11-25 11:24:56 - INFO -   学习率: 2.50e-04
2025-11-25 11:24:57 - INFO -   当前最佳分数: 0.236559
2025-11-25 11:24:57 - INFO -   已用时间: 0:00:51
2025-11-25 11:24:57 - INFO -   预计剩余: 0:01:36
2025-11-25 11:24:57 - INFO - --------------------------------------------------------------------------------
2025-11-25 11:25:04 - INFO - Epoch 8/20 完成
2025-11-25 11:25:04 - INFO -   训练阶段:
2025-11-25 11:25:04 - INFO -     损失: 0.000098 (分类: 0.000000, 回归: 0.000000)
2025-11-25 11:25:04 - INFO -     时间: 6.91秒
2025-11-25 11:25:04 - INFO -   验证阶段:
2025-11-25 11:25:04 - INFO -     损失: 0.003095 (分类: 0.000000, 回归: 0.000000)
2025-11-25 11:25:04 - INFO -     Recall@Top: 0.236559
2025-11-25 11:25:04 - INFO -     Precision@Top: 1.000000
2025-11-25 11:25:04 - INFO -     回归 MAE: 0.046464
2025-11-25 11:25:04 - INFO -     回归 RMSE: 0.119838
2025-11-25 11:25:04 - INFO -     时间: 0.50秒
2025-11-25 11:25:04 - INFO -   学习率: 2.50e-04
2025-11-25 11:25:04 - INFO -   当前最佳分数: 0.236559
2025-11-25 11:25:04 - INFO -   已用时间: 0:00:59
2025-11-25 11:25:04 - INFO -   预计剩余: 0:01:28
2025-11-25 11:25:04 - INFO - --------------------------------------------------------------------------------
2025-11-25 11:25:11 - INFO - Epoch 9/20 完成
2025-11-25 11:25:11 - INFO -   训练阶段:
2025-11-25 11:25:11 - INFO -     损失: 0.000072 (分类: 0.000000, 回归: 0.000000)
2025-11-25 11:25:11 - INFO -     时间: 6.84秒
2025-11-25 11:25:11 - INFO -   验证阶段:
2025-11-25 11:25:11 - INFO -     损失: 0.000668 (分类: 0.000000, 回归: 0.000000)
2025-11-25 11:25:11 - INFO -     Recall@Top: 0.236559
2025-11-25 11:25:11 - INFO -     Precision@Top: 1.000000
2025-11-25 11:25:11 - INFO -     回归 MAE: 0.021783
2025-11-25 11:25:11 - INFO -     回归 RMSE: 0.056034
2025-11-25 11:25:11 - INFO -     时间: 0.50秒
2025-11-25 11:25:11 - INFO -   学习率: 2.50e-04 -> 1.25e-04 (已降低)
2025-11-25 11:25:11 - INFO -   当前最佳分数: 0.236559
2025-11-25 11:25:11 - INFO -   已用时间: 0:01:06
2025-11-25 11:25:11 - INFO -   预计剩余: 0:01:21
2025-11-25 11:25:11 - INFO - --------------------------------------------------------------------------------
2025-11-25 11:25:19 - INFO - Epoch 10/20 完成
2025-11-25 11:25:19 - INFO -   训练阶段:
2025-11-25 11:25:19 - INFO -     损失: 0.000052 (分类: 0.000000, 回归: 0.000000)
2025-11-25 11:25:19 - INFO -     时间: 6.83秒
2025-11-25 11:25:19 - INFO -   验证阶段:
2025-11-25 11:25:19 - INFO -     损失: 0.000159 (分类: 0.000000, 回归: 0.000000)
2025-11-25 11:25:19 - INFO -     Recall@Top: 0.236559
2025-11-25 11:25:19 - INFO -     Precision@Top: 1.000000
2025-11-25 11:25:19 - INFO -     回归 MAE: 0.010581
2025-11-25 11:25:19 - INFO -     回归 RMSE: 0.027092
2025-11-25 11:25:19 - INFO -     时间: 0.51秒
2025-11-25 11:25:19 - INFO -   学习率: 1.25e-04
2025-11-25 11:25:19 - INFO -   当前最佳分数: 0.236559
2025-11-25 11:25:19 - INFO -   已用时间: 0:01:13
2025-11-25 11:25:19 - INFO -   预计剩余: 0:01:13
2025-11-25 11:25:19 - INFO - --------------------------------------------------------------------------------
2025-11-25 11:25:26 - INFO - Epoch 11/20 完成
2025-11-25 11:25:26 - INFO -   训练阶段:
2025-11-25 11:25:26 - INFO -     损失: 0.000048 (分类: 0.000000, 回归: 0.000000)
2025-11-25 11:25:26 - INFO -     时间: 6.87秒
2025-11-25 11:25:26 - INFO -   验证阶段:
2025-11-25 11:25:26 - INFO -     损失: 0.001169 (分类: 0.000000, 回归: 0.000000)
2025-11-25 11:25:26 - INFO -     Recall@Top: 0.236559
2025-11-25 11:25:26 - INFO -     Precision@Top: 1.000000
2025-11-25 11:25:26 - INFO -     回归 MAE: 0.028657
2025-11-25 11:25:26 - INFO -     回归 RMSE: 0.073834
2025-11-25 11:25:26 - INFO -     时间: 0.50秒
2025-11-25 11:25:26 - INFO -   学习率: 1.25e-04
2025-11-25 11:25:26 - INFO -   当前最佳分数: 0.236559
2025-11-25 11:25:26 - INFO -   已用时间: 0:01:21
2025-11-25 11:25:26 - INFO -   预计剩余: 0:01:06
2025-11-25 11:25:26 - INFO - --------------------------------------------------------------------------------
2025-11-25 11:25:33 - INFO - Epoch 12/20 完成
2025-11-25 11:25:33 - INFO -   训练阶段:
2025-11-25 11:25:33 - INFO -     损失: 0.000047 (分类: 0.000000, 回归: 0.000000)
2025-11-25 11:25:33 - INFO -     时间: 6.84秒
2025-11-25 11:25:33 - INFO -   验证阶段:
2025-11-25 11:25:33 - INFO -     损失: 0.000174 (分类: 0.000000, 回归: 0.000000)
2025-11-25 11:25:33 - INFO -     Recall@Top: 0.236559
2025-11-25 11:25:33 - INFO -     Precision@Top: 1.000000
2025-11-25 11:25:33 - INFO -     回归 MAE: 0.011033
2025-11-25 11:25:33 - INFO -     回归 RMSE: 0.028298
2025-11-25 11:25:33 - INFO -     时间: 0.50秒
2025-11-25 11:25:33 - INFO -   学习率: 1.25e-04
2025-11-25 11:25:33 - INFO -   当前最佳分数: 0.236559
2025-11-25 11:25:33 - INFO -   已用时间: 0:01:28
2025-11-25 11:25:33 - INFO -   预计剩余: 0:00:59
2025-11-25 11:25:33 - INFO - --------------------------------------------------------------------------------
2025-11-25 11:25:41 - INFO - Epoch 13/20 完成
2025-11-25 11:25:41 - INFO -   训练阶段:
2025-11-25 11:25:41 - INFO -     损失: 0.000042 (分类: 0.000000, 回归: 0.000000)
2025-11-25 11:25:41 - INFO -     时间: 6.81秒
2025-11-25 11:25:41 - INFO -   验证阶段:
2025-11-25 11:25:41 - INFO -     损失: 0.000804 (分类: 0.000000, 回归: 0.000000)
2025-11-25 11:25:41 - INFO -     Recall@Top: 0.236559
2025-11-25 11:25:41 - INFO -     Precision@Top: 1.000000
2025-11-25 11:25:41 - INFO -     回归 MAE: 0.023741
2025-11-25 11:25:41 - INFO -     回归 RMSE: 0.061136
2025-11-25 11:25:41 - INFO -     时间: 0.51秒
2025-11-25 11:25:41 - INFO -   学习率: 1.25e-04 -> 6.25e-05 (已降低)
2025-11-25 11:25:41 - INFO -   当前最佳分数: 0.236559
2025-11-25 11:25:41 - INFO -   已用时间: 0:01:35
2025-11-25 11:25:41 - INFO -   预计剩余: 0:00:51
2025-11-25 11:25:41 - INFO - --------------------------------------------------------------------------------
2025-11-25 11:25:48 - INFO - Epoch 14/20 完成
2025-11-25 11:25:48 - INFO -   训练阶段:
2025-11-25 11:25:48 - INFO -     损失: 0.000045 (分类: 0.000000, 回归: 0.000000)
2025-11-25 11:25:48 - INFO -     时间: 6.88秒
2025-11-25 11:25:48 - INFO -   验证阶段:
2025-11-25 11:25:48 - INFO -     损失: 0.000704 (分类: 0.000000, 回归: 0.000000)
2025-11-25 11:25:48 - INFO -     Recall@Top: 0.236559
2025-11-25 11:25:48 - INFO -     Precision@Top: 1.000000
2025-11-25 11:25:48 - INFO -     回归 MAE: 0.022187
2025-11-25 11:25:48 - INFO -     回归 RMSE: 0.057132
2025-11-25 11:25:48 - INFO -     时间: 0.52秒
2025-11-25 11:25:48 - INFO -   学习率: 6.25e-05
2025-11-25 11:25:48 - INFO -   当前最佳分数: 0.236559
2025-11-25 11:25:48 - INFO -   已用时间: 0:01:43
2025-11-25 11:25:48 - INFO -   预计剩余: 0:00:44
2025-11-25 11:25:48 - INFO - --------------------------------------------------------------------------------
2025-11-25 11:25:55 - INFO - Epoch 15/20 完成
2025-11-25 11:25:55 - INFO -   训练阶段:
2025-11-25 11:25:55 - INFO -     损失: 0.000041 (分类: 0.000000, 回归: 0.000000)
2025-11-25 11:25:55 - INFO -     时间: 6.89秒
2025-11-25 11:25:55 - INFO -   验证阶段:
2025-11-25 11:25:55 - INFO -     损失: 0.000582 (分类: 0.000000, 回归: 0.000000)
2025-11-25 11:25:55 - INFO -     Recall@Top: 0.236559
2025-11-25 11:25:55 - INFO -     Precision@Top: 1.000000
2025-11-25 11:25:55 - INFO -     回归 MAE: 0.020210
2025-11-25 11:25:55 - INFO -     回归 RMSE: 0.052012
2025-11-25 11:25:55 - INFO -     时间: 0.49秒
2025-11-25 11:25:55 - INFO -   学习率: 6.25e-05
2025-11-25 11:25:55 - INFO -   当前最佳分数: 0.236559
2025-11-25 11:25:55 - INFO -   已用时间: 0:01:50
2025-11-25 11:25:55 - INFO -   预计剩余: 0:00:36
2025-11-25 11:25:55 - INFO - --------------------------------------------------------------------------------
2025-11-25 11:26:03 - INFO - Epoch 16/20 完成
2025-11-25 11:26:03 - INFO -   训练阶段:
2025-11-25 11:26:03 - INFO -     损失: 0.000041 (分类: 0.000000, 回归: 0.000000)
2025-11-25 11:26:03 - INFO -     时间: 6.88秒
2025-11-25 11:26:03 - INFO -   验证阶段:
2025-11-25 11:26:03 - INFO -     损失: 0.000563 (分类: 0.000000, 回归: 0.000000)
2025-11-25 11:26:03 - INFO -     Recall@Top: 0.236559
2025-11-25 11:26:03 - INFO -     Precision@Top: 1.000000
2025-11-25 11:26:03 - INFO -     回归 MAE: 0.019907
2025-11-25 11:26:03 - INFO -     回归 RMSE: 0.051223
2025-11-25 11:26:03 - INFO -     时间: 0.50秒
2025-11-25 11:26:03 - INFO -   学习率: 6.25e-05
2025-11-25 11:26:03 - INFO -   当前最佳分数: 0.236559
2025-11-25 11:26:03 - INFO -   已用时间: 0:01:58
2025-11-25 11:26:03 - INFO -   预计剩余: 0:00:29
2025-11-25 11:26:03 - INFO - --------------------------------------------------------------------------------
2025-11-25 11:26:10 - INFO - Epoch 17/20 完成
2025-11-25 11:26:10 - INFO -   训练阶段:
2025-11-25 11:26:10 - INFO -     损失: 0.000038 (分类: 0.000000, 回归: 0.000000)
2025-11-25 11:26:10 - INFO -     时间: 6.87秒
2025-11-25 11:26:10 - INFO -   验证阶段:
2025-11-25 11:26:10 - INFO -     损失: 0.000408 (分类: 0.000000, 回归: 0.000000)
2025-11-25 11:26:10 - INFO -     Recall@Top: 0.236559
2025-11-25 11:26:10 - INFO -     Precision@Top: 1.000000
2025-11-25 11:26:10 - INFO -     回归 MAE: 0.016928
2025-11-25 11:26:10 - INFO -     回归 RMSE: 0.043535
2025-11-25 11:26:10 - INFO -     时间: 0.49秒
2025-11-25 11:26:10 - INFO -   学习率: 6.25e-05 -> 3.13e-05 (已降低)
2025-11-25 11:26:10 - INFO -   当前最佳分数: 0.236559
2025-11-25 11:26:10 - INFO -   已用时间: 0:02:05
2025-11-25 11:26:10 - INFO -   预计剩余: 0:00:22
2025-11-25 11:26:10 - INFO - --------------------------------------------------------------------------------
2025-11-25 11:26:17 - INFO - Epoch 18/20 完成
2025-11-25 11:26:17 - INFO -   训练阶段:
2025-11-25 11:26:17 - INFO -     损失: 0.000036 (分类: 0.000000, 回归: 0.000000)
2025-11-25 11:26:17 - INFO -     时间: 6.80秒
2025-11-25 11:26:17 - INFO -   验证阶段:
2025-11-25 11:26:17 - INFO -     损失: 0.000583 (分类: 0.000000, 回归: 0.000000)
2025-11-25 11:26:17 - INFO -     Recall@Top: 0.236559
2025-11-25 11:26:17 - INFO -     Precision@Top: 1.000000
2025-11-25 11:26:17 - INFO -     回归 MAE: 0.020179
2025-11-25 11:26:17 - INFO -     回归 RMSE: 0.051950
2025-11-25 11:26:17 - INFO -     时间: 0.49秒
2025-11-25 11:26:17 - INFO -   学习率: 3.13e-05
2025-11-25 11:26:17 - INFO -   当前最佳分数: 0.236559
2025-11-25 11:26:17 - INFO -   已用时间: 0:02:12
2025-11-25 11:26:17 - INFO -   预计剩余: 0:00:14
2025-11-25 11:26:17 - INFO - --------------------------------------------------------------------------------
2025-11-25 11:26:25 - INFO - Epoch 19/20 完成
2025-11-25 11:26:25 - INFO -   训练阶段:
2025-11-25 11:26:25 - INFO -     损失: 0.000037 (分类: 0.000000, 回归: 0.000000)
2025-11-25 11:26:25 - INFO -     时间: 6.92秒
2025-11-25 11:26:25 - INFO -   验证阶段:
2025-11-25 11:26:25 - INFO -     损失: 0.000398 (分类: 0.000000, 回归: 0.000000)
2025-11-25 11:26:25 - INFO -     Recall@Top: 0.236559
2025-11-25 11:26:25 - INFO -     Precision@Top: 1.000000
2025-11-25 11:26:25 - INFO -     回归 MAE: 0.016718
2025-11-25 11:26:25 - INFO -     回归 RMSE: 0.042991
2025-11-25 11:26:25 - INFO -     时间: 0.49秒
2025-11-25 11:26:25 - INFO -   学习率: 3.13e-05
2025-11-25 11:26:25 - INFO -   当前最佳分数: 0.236559
2025-11-25 11:26:25 - INFO -   已用时间: 0:02:20
2025-11-25 11:26:25 - INFO -   预计剩余: 0:00:07
2025-11-25 11:26:25 - INFO - --------------------------------------------------------------------------------
2025-11-25 11:26:32 - INFO - Epoch 20/20 完成
2025-11-25 11:26:32 - INFO -   训练阶段:
2025-11-25 11:26:32 - INFO -     损失: 0.000032 (分类: 0.000000, 回归: 0.000000)
2025-11-25 11:26:32 - INFO -     时间: 6.85秒
2025-11-25 11:26:32 - INFO -   验证阶段:
2025-11-25 11:26:32 - INFO -     损失: 0.000284 (分类: 0.000000, 回归: 0.000000)
2025-11-25 11:26:32 - INFO -     Recall@Top: 0.236559
2025-11-25 11:26:32 - INFO -     Precision@Top: 1.000000
2025-11-25 11:26:32 - INFO -     回归 MAE: 0.014113
2025-11-25 11:26:32 - INFO -     回归 RMSE: 0.036260
2025-11-25 11:26:32 - INFO -     时间: 0.49秒
2025-11-25 11:26:32 - INFO -   学习率: 3.13e-05
2025-11-25 11:26:32 - INFO -   当前最佳分数: 0.236559
2025-11-25 11:26:32 - INFO -   已用时间: 0:02:27
2025-11-25 11:26:32 - INFO -   预计剩余: 0:00:00
2025-11-25 11:26:32 - INFO - --------------------------------------------------------------------------------
2025-11-25 11:26:32 - INFO - 
2025-11-25 11:26:32 - INFO - ================================================================================
2025-11-25 11:26:32 - INFO - 训练完成!
2025-11-25 11:26:32 - INFO - 总训练时间: 0:02:27
2025-11-25 11:26:32 - INFO - 平均每轮时间: 7.37秒
2025-11-25 11:26:32 - INFO - 
2025-11-25 11:26:32 - INFO - 正在加载最佳模型进行测试...
2025-11-25 11:26:32 - INFO - 已加载最佳模型 (验证分数: 0.236559)
2025-11-25 11:26:32 - INFO - 正在评估测试集...
2025-11-25 11:26:33 - INFO - 
2025-11-25 11:26:33 - INFO - 测试集评估结果:
2025-11-25 11:26:33 - INFO -   损失: 0.000000
2025-11-25 11:26:33 - INFO -   Recall@Top: 0.200474
2025-11-25 11:26:33 - INFO -   Precision@Top: 1.000000
2025-11-25 11:26:33 - INFO -   回归 MAE: 0.000074
2025-11-25 11:26:33 - INFO -   回归 RMSE: 0.000090
2025-11-25 11:26:33 - INFO -   PR-AUC: 1.000000
2025-11-25 11:26:33 - INFO -   ROC-AUC: 1.000000
2025-11-25 11:26:33 - INFO - 
2025-11-25 11:26:33 - INFO - 诊断信息:
2025-11-25 11:26:33 - WARNING -   警告: Precision=1.0但Recall较低，可能的原因:
2025-11-25 11:26:33 - WARNING -     - 测试集中正样本数量很少
2025-11-25 11:26:33 - WARNING -     - 数据分布极不平衡
2025-11-25 11:26:33 - WARNING -     - 模型预测过于保守
2025-11-25 11:26:33 - WARNING -   警告: AUC都是1.0，这通常意味着:
2025-11-25 11:26:33 - WARNING -     - 测试集中只有一个类别（更可能）
2025-11-25 11:26:33 - WARNING -     - 数据或指标计算有问题
2025-11-25 11:26:33 - INFO -   测试集正样本比例: 1.0000 (843/843)
2025-11-25 11:26:33 - INFO - 
2025-11-25 11:26:33 - INFO - 正在保存模型和指标...
2025-11-25 11:26:33 - INFO - 模型已保存到: C:\Users\Administrator\Desktop\大三上学期\DevOps\DL\openstack_textcnn\artifacts_forecast\forecast_model.pt
2025-11-25 11:26:33 - INFO - 指标已保存到: C:\Users\Administrator\Desktop\大三上学期\DevOps\DL\openstack_textcnn\artifacts_forecast\forecast_metrics.json
2025-11-25 11:26:33 - INFO - 
2025-11-25 11:26:33 - INFO - ================================================================================
2025-11-25 11:26:33 - INFO - 所有任务完成!
2025-11-25 11:26:33 - INFO - ================================================================================
